
12:46:32.902 [main] INFO  testCases.Test_Registration_Functionality - *******program started*********
12:46:33.024 [main] INFO  testCases.Test_Registration_Functionality - clicked on my account
12:46:33.611 [main] INFO  testCases.Test_Registration_Functionality - clicked on my registration
12:46:33.703 [main] INFO  testCases.Test_Registration_Functionality - entered name
12:46:33.772 [main] INFO  testCases.Test_Registration_Functionality - entered Lastname
12:46:33.862 [main] INFO  testCases.Test_Registration_Functionality - entered gmail
12:46:33.927 [main] INFO  testCases.Test_Registration_Functionality - entered password
12:46:33.945 [main] INFO  testCases.Test_Registration_Functionality - scrolled into view
12:46:34.487 [main] INFO  testCases.Test_Registration_Functionality - checkbox cheked
12:46:34.567 [main] INFO  testCases.Test_Registration_Functionality - clicked on continue
12:46:34.568 [main] INFO  testCases.Test_Registration_Functionality - *******program ended*********
13:00:23.891 [main] INFO  testCases.Test_Registration_Functionality - *******program started*********
13:00:24.002 [main] INFO  testCases.Test_Registration_Functionality - clicked on my account
13:00:24.877 [main] INFO  testCases.Test_Registration_Functionality - clicked on my registration
13:00:24.964 [main] INFO  testCases.Test_Registration_Functionality - entered name
13:00:25.017 [main] INFO  testCases.Test_Registration_Functionality - entered Lastname
13:00:25.097 [main] INFO  testCases.Test_Registration_Functionality - entered gmail
13:00:25.153 [main] INFO  testCases.Test_Registration_Functionality - entered password
13:00:25.178 [main] INFO  testCases.Test_Registration_Functionality - scrolled into view
13:00:25.762 [main] INFO  testCases.Test_Registration_Functionality - checkbox cheked
13:00:25.867 [main] INFO  testCases.Test_Registration_Functionality - clicked on continue
13:04:01.288 [main] INFO  testCases.Test_Registration_Functionality - *******program started*********
13:04:01.389 [main] INFO  testCases.Test_Registration_Functionality - clicked on my account
13:04:02.042 [main] INFO  testCases.Test_Registration_Functionality - clicked on my registration
13:04:02.132 [main] INFO  testCases.Test_Registration_Functionality - entered name
13:04:02.193 [main] INFO  testCases.Test_Registration_Functionality - entered Lastname
13:04:02.265 [main] INFO  testCases.Test_Registration_Functionality - entered gmail
13:04:02.334 [main] INFO  testCases.Test_Registration_Functionality - entered password
13:04:02.349 [main] INFO  testCases.Test_Registration_Functionality - scrolled into view
13:04:02.923 [main] INFO  testCases.Test_Registration_Functionality - checkbox cheked
13:04:02.998 [main] INFO  testCases.Test_Registration_Functionality - clicked on continue
13:25:19.018 [main] INFO  testCases.Test_Registration_Functionality - *******program started*********
13:25:19.157 [main] INFO  testCases.Test_Registration_Functionality - clicked on my account
13:25:19.813 [main] INFO  testCases.Test_Registration_Functionality - clicked on my registration
13:25:19.903 [main] INFO  testCases.Test_Registration_Functionality - entered name
13:25:19.972 [main] INFO  testCases.Test_Registration_Functionality - entered Lastname
13:25:20.050 [main] INFO  testCases.Test_Registration_Functionality - entered gmail
13:25:20.103 [main] INFO  testCases.Test_Registration_Functionality - entered password
13:25:20.128 [main] INFO  testCases.Test_Registration_Functionality - scrolled into view
13:28:31.783 [main] INFO  testCases.Test_Registration_Functionality - *******program started*********
13:28:31.914 [main] INFO  testCases.Test_Registration_Functionality - clicked on my account
13:28:38.922 [main] INFO  testCases.Test_Registration_Functionality - clicked on my registration
13:28:39.016 [main] INFO  testCases.Test_Registration_Functionality - entered name
13:28:39.089 [main] INFO  testCases.Test_Registration_Functionality - entered Lastname
13:28:39.192 [main] INFO  testCases.Test_Registration_Functionality - entered gmail
13:28:39.270 [main] INFO  testCases.Test_Registration_Functionality - entered password
13:28:39.299 [main] INFO  testCases.Test_Registration_Functionality - scrolled into view
13:28:39.869 [main] INFO  testCases.Test_Registration_Functionality - checkbox cheked
13:28:39.951 [main] INFO  testCases.Test_Registration_Functionality - clicked on continue
13:28:39.952 [main] INFO  testCases.Test_Registration_Functionality - *******program ended*********
13:30:03.516 [main] INFO  testCases.Test_Registration_Functionality - *******program started*********
13:30:03.619 [main] INFO  testCases.Test_Registration_Functionality - clicked on my account
13:30:04.251 [main] INFO  testCases.Test_Registration_Functionality - clicked on my registration
13:30:04.344 [main] INFO  testCases.Test_Registration_Functionality - entered name
13:30:04.411 [main] INFO  testCases.Test_Registration_Functionality - entered Lastname
13:30:04.485 [main] INFO  testCases.Test_Registration_Functionality - entered gmail
13:30:04.557 [main] INFO  testCases.Test_Registration_Functionality - entered password
13:30:04.574 [main] INFO  testCases.Test_Registration_Functionality - scrolled into view
13:30:05.140 [main] INFO  testCases.Test_Registration_Functionality - checkbox cheked
13:30:05.204 [main] INFO  testCases.Test_Registration_Functionality - clicked on continue
13:30:05.204 [main] INFO  testCases.Test_Registration_Functionality - *******program ended*********
13:33:02.029 [main] INFO  testCases.Test_Registration_Functionality - *******program started*********
13:33:02.126 [main] INFO  testCases.Test_Registration_Functionality - clicked on my account
13:33:02.814 [main] INFO  testCases.Test_Registration_Functionality - clicked on my registration
13:33:02.903 [main] INFO  testCases.Test_Registration_Functionality - entered name
13:33:02.969 [main] INFO  testCases.Test_Registration_Functionality - entered Lastname
13:33:03.059 [main] INFO  testCases.Test_Registration_Functionality - entered gmail
13:33:03.115 [main] INFO  testCases.Test_Registration_Functionality - entered password
13:33:03.137 [main] INFO  testCases.Test_Registration_Functionality - scrolled into view
